[0m11:20:07.349084 [debug] [MainThread]: Sending event: {'category': 'dbt', 'action': 'invocation', 'label': 'start', 'context': [<snowplow_tracker.self_describing_json.SelfDescribingJson object at 0x7fc55c8ec810>, <snowplow_tracker.self_describing_json.SelfDescribingJson object at 0x7fc55cc45c50>, <snowplow_tracker.self_describing_json.SelfDescribingJson object at 0x7fc55cdaac90>]}


============================== 11:20:07.351385 | d5fa8306-aa67-4f26-a34a-46a8c84bd771 ==============================
[0m11:20:07.351385 [info ] [MainThread]: Running with dbt=1.8.8
[0m11:20:07.351891 [debug] [MainThread]: running dbt with arguments {'printer_width': '80', 'indirect_selection': 'eager', 'log_cache_events': 'False', 'write_json': 'True', 'partial_parse': 'True', 'cache_selected_only': 'False', 'profiles_dir': '/home/simovice/.dbt', 'debug': 'False', 'fail_fast': 'False', 'log_path': 'logs', 'version_check': 'True', 'warn_error': 'None', 'use_colors': 'True', 'use_experimental_parser': 'False', 'no_print': 'None', 'quiet': 'False', 'empty': 'None', 'log_format': 'default', 'invocation_command': 'dbt init jaffle_shop', 'warn_error_options': 'WarnErrorOptions(include=[], exclude=[])', 'introspect': 'True', 'target_path': 'None', 'static_parser': 'True', 'send_anonymous_usage_stats': 'True'}
[0m11:20:07.381767 [warn ] [MainThread]: [ConfigFolderDirectory]: Unable to parse dict {'dir': PosixPath('/home/simovice/.dbt')}
[0m11:20:07.382388 [info ] [MainThread]: Creating dbt configuration folder at 
[0m11:20:07.383559 [debug] [MainThread]: Starter project path: /home/simovice/repos/dbt_test/.venv/lib/python3.11/site-packages/dbt/include/starter_project
[0m11:20:07.385532 [info ] [MainThread]: 
Your new dbt project "jaffle_shop" was created!

For more information on how to configure the profiles.yml file,
please consult the dbt documentation here:

  https://docs.getdbt.com/docs/configure-your-profile

One more thing:

Need help? Don't hesitate to reach out to us via GitHub issues or on Slack:

  https://community.getdbt.com/

Happy modeling!

[0m11:20:07.385881 [info ] [MainThread]: Setting up your profile.
[0m11:20:19.367663 [debug] [MainThread]: Spark adapter: Setting pyhive.hive logging to ERROR
[0m11:20:19.368221 [debug] [MainThread]: Spark adapter: Setting thrift.transport logging to ERROR
[0m11:20:19.368604 [debug] [MainThread]: Spark adapter: Setting thrift.protocol logging to ERROR
[0m11:20:52.188750 [info ] [MainThread]: Profile jaffle_shop written to /home/simovice/.dbt/profiles.yml using target's profile_template.yml and your supplied values. Run 'dbt debug' to validate the connection.
[0m11:20:52.189852 [debug] [MainThread]: Resource report: {"command_name": "init", "command_success": true, "command_wall_clock_time": 44.87526, "process_user_time": 0.935227, "process_kernel_time": 0.089436, "process_mem_max_rss": "96816", "process_out_blocks": "760", "process_in_blocks": "0"}
[0m11:20:52.190368 [debug] [MainThread]: Command `dbt init` succeeded at 11:20:52.190290 after 44.88 seconds
[0m11:20:52.190747 [debug] [MainThread]: Sending event: {'category': 'dbt', 'action': 'invocation', 'label': 'end', 'context': [<snowplow_tracker.self_describing_json.SelfDescribingJson object at 0x7fc560420690>, <snowplow_tracker.self_describing_json.SelfDescribingJson object at 0x7fc56035e3d0>, <snowplow_tracker.self_describing_json.SelfDescribingJson object at 0x7fc56035e450>]}
[0m11:20:52.191114 [debug] [MainThread]: Flushing usage events
[0m14:06:02.003537 [debug] [MainThread]: Sending event: {'category': 'dbt', 'action': 'invocation', 'label': 'start', 'context': [<snowplow_tracker.self_describing_json.SelfDescribingJson object at 0x7f1c0d0a3490>, <snowplow_tracker.self_describing_json.SelfDescribingJson object at 0x7f1c0becad90>, <snowplow_tracker.self_describing_json.SelfDescribingJson object at 0x7f1c0becb0d0>]}


============================== 14:06:02.005716 | 770c9731-e96e-47b4-a0a2-edccc49d2155 ==============================
[0m14:06:02.005716 [info ] [MainThread]: Running with dbt=1.8.8
[0m14:06:02.006197 [debug] [MainThread]: running dbt with arguments {'printer_width': '80', 'indirect_selection': 'eager', 'log_cache_events': 'False', 'write_json': 'True', 'partial_parse': 'True', 'cache_selected_only': 'False', 'profiles_dir': '/home/simovice/.dbt', 'debug': 'False', 'fail_fast': 'False', 'log_path': 'logs', 'version_check': 'True', 'warn_error': 'None', 'use_colors': 'True', 'use_experimental_parser': 'False', 'no_print': 'None', 'quiet': 'False', 'empty': 'None', 'log_format': 'default', 'introspect': 'True', 'warn_error_options': 'WarnErrorOptions(include=[], exclude=[])', 'invocation_command': 'dbt debug', 'target_path': 'None', 'static_parser': 'True', 'send_anonymous_usage_stats': 'True'}
[0m14:06:02.014349 [info ] [MainThread]: dbt version: 1.8.8
[0m14:06:02.014808 [info ] [MainThread]: python version: 3.11.0
[0m14:06:02.015130 [info ] [MainThread]: python path: /home/simovice/repos/dbt_test/.venv/bin/python
[0m14:06:02.015442 [info ] [MainThread]: os info: Linux-6.6.54-2-MANJARO-x86_64-with-glibc2.40
[0m14:06:02.019607 [info ] [MainThread]: Error importing adapter: No module named 'dbt.adapters.spark'
[0m14:06:02.020213 [info ] [MainThread]: Using profiles dir at /home/simovice/.dbt
[0m14:06:02.020514 [info ] [MainThread]: Using profiles.yml file at /home/simovice/.dbt/profiles.yml
[0m14:06:02.020790 [info ] [MainThread]: Using dbt_project.yml file at /home/simovice/repos/dbt_test/dbt_project.yml
[0m14:06:02.021075 [info ] [MainThread]: Configuration:
[0m14:06:02.021366 [info ] [MainThread]:   profiles.yml file [[31mERROR invalid[0m]
[0m14:06:02.021637 [info ] [MainThread]:   dbt_project.yml file [[31mERROR not found[0m]
[0m14:06:02.021907 [info ] [MainThread]: Required dependencies:
[0m14:06:02.022199 [debug] [MainThread]: Executing "git --help"
[0m14:06:02.026004 [debug] [MainThread]: STDOUT: "b"usage: git [-v | --version] [-h | --help] [-C <path>] [-c <name>=<value>]\n           [--exec-path[=<path>]] [--html-path] [--man-path] [--info-path]\n           [-p | --paginate | -P | --no-pager] [--no-replace-objects] [--no-lazy-fetch]\n           [--no-optional-locks] [--no-advice] [--bare] [--git-dir=<path>]\n           [--work-tree=<path>] [--namespace=<name>] [--config-env=<name>=<envvar>]\n           <command> [<args>]\n\nThese are common Git commands used in various situations:\n\nstart a working area (see also: git help tutorial)\n   clone     Clone a repository into a new directory\n   init      Create an empty Git repository or reinitialize an existing one\n\nwork on the current change (see also: git help everyday)\n   add       Add file contents to the index\n   mv        Move or rename a file, a directory, or a symlink\n   restore   Restore working tree files\n   rm        Remove files from the working tree and from the index\n\nexamine the history and state (see also: git help revisions)\n   bisect    Use binary search to find the commit that introduced a bug\n   diff      Show changes between commits, commit and working tree, etc\n   grep      Print lines matching a pattern\n   log       Show commit logs\n   show      Show various types of objects\n   status    Show the working tree status\n\ngrow, mark and tweak your common history\n   branch    List, create, or delete branches\n   commit    Record changes to the repository\n   merge     Join two or more development histories together\n   rebase    Reapply commits on top of another base tip\n   reset     Reset current HEAD to the specified state\n   switch    Switch branches\n   tag       Create, list, delete or verify a tag object signed with GPG\n\ncollaborate (see also: git help workflows)\n   fetch     Download objects and refs from another repository\n   pull      Fetch from and integrate with another repository or a local branch\n   push      Update remote refs along with associated objects\n\n'git help -a' and 'git help -g' list available subcommands and some\nconcept guides. See 'git help <command>' or 'git help <concept>'\nto read about a specific subcommand or concept.\nSee 'git help git' for an overview of the system.\n""
[0m14:06:02.026761 [debug] [MainThread]: STDERR: "b''"
[0m14:06:02.027327 [info ] [MainThread]:  - git [[32mOK found[0m]

[0m14:06:02.027623 [info ] [MainThread]: Connection test skipped since no profile was found
[0m14:06:02.028001 [info ] [MainThread]: [31m2 checks failed:[0m
[0m14:06:02.028282 [info ] [MainThread]: Could not load dbt_project.yml
Profile loading failed for the following reason:
Runtime Error
  Credentials in profile "jaffle_shop", target "dev" invalid: Runtime Error
    Could not find adapter type spark!


[0m14:06:02.028560 [info ] [MainThread]: Project loading failed for the following reason:
 project path </home/simovice/repos/dbt_test/dbt_project.yml> not found

[0m14:06:02.029314 [debug] [MainThread]: Resource report: {"command_name": "debug", "command_wall_clock_time": 0.060896322, "process_user_time": 0.915306, "process_kernel_time": 0.062791, "process_mem_max_rss": "91160", "process_out_blocks": "96", "command_success": false, "process_in_blocks": "0"}
[0m14:06:02.029809 [debug] [MainThread]: Command `dbt debug` failed at 14:06:02.029729 after 0.06 seconds
[0m14:06:02.030196 [debug] [MainThread]: Sending event: {'category': 'dbt', 'action': 'invocation', 'label': 'end', 'context': [<snowplow_tracker.self_describing_json.SelfDescribingJson object at 0x7f1c0becad90>, <snowplow_tracker.self_describing_json.SelfDescribingJson object at 0x7f1c0becb0d0>, <snowplow_tracker.self_describing_json.SelfDescribingJson object at 0x7f1c0beeb0d0>]}
[0m14:06:02.030561 [debug] [MainThread]: Flushing usage events
